<?xml version="1.0" encoding="UTF-8"?>
<!-- Generated by org.testng.reporters.JUnitXMLReporter -->
<testsuite hostname="M2389920" name="Default test" tests="3" failures="0" timestamp="2 Jan 2017 11:49:05 GMT" time="0.061" errors="0">
  <testcase name="testJenkins1" time="0.016" classname="DemoJenkins.DemoJenkinJobs"/>
  <testcase name="testJenkins2" time="0.001" classname="DemoJenkins.DemoJenkinJobs"/>
  <testcase name="testJenkins3" time="0.001" classname="DemoJenkins.DemoJenkinJobs"/>
</testsuite> <!-- Default test -->
