<?xml version="1.0" encoding="UTF-8"?>
<!-- Generated by org.testng.reporters.JUnitXMLReporter -->
<testsuite hostname="M2389920" name="Test" tests="3" failures="0" timestamp="24 Jan 2017 09:06:25 GMT" time="0.024" errors="0">
  <testcase name="testJenkins1" time="0.01" classname="DemoJenkins.DemoJenkinJobs"/>
  <testcase name="testJenkins2" time="0.0" classname="DemoJenkins.DemoJenkinJobs"/>
  <testcase name="testJenkins3" time="0.001" classname="DemoJenkins.DemoJenkinJobs"/>
</testsuite> <!-- Test -->
