<?xml version="1.0" encoding="UTF-8"?>
<testng-results skipped="0" failed="0" total="1" passed="1">
  <reporter-output>
  </reporter-output>
  <suite name="Suite" duration-ms="41" started-at="2017-01-02T05:59:03Z" finished-at="2017-01-02T05:59:03Z">
    <groups>
    </groups>
    <test name="Test" duration-ms="41" started-at="2017-01-02T05:59:03Z" finished-at="2017-01-02T05:59:03Z">
      <class name="DemoJenkins.DemoJenkinJobs">
        <test-method status="PASS" signature="testJenkins()[pri:0, instance:DemoJenkins.DemoJenkinJobs@2669b199]" name="testJenkins" duration-ms="14" started-at="2017-01-02T11:29:03Z" finished-at="2017-01-02T11:29:03Z">
          <reporter-output>
          </reporter-output>
        </test-method> <!-- testJenkins -->
      </class> <!-- DemoJenkins.DemoJenkinJobs -->
    </test> <!-- Test -->
  </suite> <!-- Suite -->
</testng-results>
