<?xml version="1.0" encoding="UTF-8"?>
<testng-results skipped="0" failed="0" total="3" passed="3">
  <reporter-output>
  </reporter-output>
  <suite name="Suite" duration-ms="24" started-at="2017-01-03T12:46:02Z" finished-at="2017-01-03T12:46:02Z">
    <groups>
    </groups>
    <test name="Test" duration-ms="24" started-at="2017-01-03T12:46:02Z" finished-at="2017-01-03T12:46:02Z">
      <class name="DemoJenkins.DemoJenkinJobs">
        <test-method status="PASS" signature="testJenkins1()[pri:0, instance:DemoJenkins.DemoJenkinJobs@22a71081]" name="testJenkins1" duration-ms="9" started-at="2017-01-03T18:16:02Z" finished-at="2017-01-03T18:16:02Z">
          <reporter-output>
          </reporter-output>
        </test-method> <!-- testJenkins1 -->
        <test-method status="PASS" signature="testJenkins2()[pri:0, instance:DemoJenkins.DemoJenkinJobs@22a71081]" name="testJenkins2" duration-ms="0" started-at="2017-01-03T18:16:02Z" finished-at="2017-01-03T18:16:02Z">
          <reporter-output>
          </reporter-output>
        </test-method> <!-- testJenkins2 -->
        <test-method status="PASS" signature="testJenkins3()[pri:0, instance:DemoJenkins.DemoJenkinJobs@22a71081]" name="testJenkins3" duration-ms="0" started-at="2017-01-03T18:16:02Z" finished-at="2017-01-03T18:16:02Z">
          <reporter-output>
          </reporter-output>
        </test-method> <!-- testJenkins3 -->
      </class> <!-- DemoJenkins.DemoJenkinJobs -->
    </test> <!-- Test -->
  </suite> <!-- Suite -->
</testng-results>
